<?xml version="1.0" encoding="UTF-8"?>
<!-- Generated by org.testng.reporters.JUnitReportReporter -->
<testsuite hostname="DESKTOP-E3FNQHB" failures="0" tests="1" name="OrangeHRM_Utilities.Text_page_Reader_Class" time="0.017" errors="0" timestamp="2023-01-16T15:28:15 IST" skipped="0">
  <testcase classname="OrangeHRM_Utilities.Text_page_Reader_Class" name="text_read_test" time="0.017"/>
  <system-out/>
</testsuite> <!-- OrangeHRM_Utilities.Text_page_Reader_Class -->
