<?xml version="1.0" encoding="UTF-8"?>
<!-- Generated by org.testng.reporters.JUnitReportReporter -->
<testsuite hostname="DESKTOP-E3FNQHB" failures="0" tests="2" name="OrangeHRM_Test_Run.OrangeHRM_001_Performance" time="40.882" errors="0" timestamp="2023-02-21T15:33:55 IST" skipped="0">
  <testcase classname="OrangeHRM_Test_Run.OrangeHRM_001_Performance" name="PEM_001_Configure_Kpis" time="25.038"/>
  <system-out>
    <![CDATA[successfully click on Login
successfully click on Performance
successfully click on Configure
successfully click on KPIs
successfully click on Add
Text entered successfully passed ==> AJbxRyaKuQ
successfully click on 
successfully click on Head of Support
successfully click on 
successfully click on Save
successfully click on 
successfully click on ]]>
  </system-out>
  <testcase classname="OrangeHRM_Test_Run.OrangeHRM_001_Performance" name="PEM_002_Configure_Trackers" time="15.844"/>
  <system-out>
    <![CDATA[successfully click on Configure
successfully click on Trackers
successfully click on Add
Text entered successfully passed ==> QuVvDERmKQ
Text entered successfully passed ==> Suresh
Text entered successfully passed ==> Dipali
successfully click on Save]]>
  </system-out>
</testsuite> <!-- OrangeHRM_Test_Run.OrangeHRM_001_Performance -->
