<?xml version="1.0" encoding="UTF-8"?>
<!-- Generated by org.testng.reporters.JUnitReportReporter -->
<testsuite hostname="DESKTOP-E3FNQHB" failures="0" tests="6" name="OrangeHRM_Test_Run.OrangeHRm_001_Myinfo" time="112.479" errors="0" timestamp="2023-01-24T16:34:36 IST" skipped="0">
  <testcase classname="OrangeHRM_Test_Run.OrangeHRm_001_Myinfo" name="MYI_01_Personal_details" time="35.312"/>
  <system-out>
    <![CDATA[successfully click on Login
successfully click on My Info
Text entered successfully passed ==> akash
Text entered successfully passed ==> asg
Text entered successfully passed ==> guttedar
Text entered successfully passed ==> 974959
Text entered successfully passed ==> 886699
Text entered successfully passed ==> 98756948974
successfully click on 
successfully click on Married
successfully click on Add
successfully click on Browse
successfully click on Save]]>
  </system-out>
  <testcase classname="OrangeHRM_Test_Run.OrangeHRm_001_Myinfo" name="MYI_05_Immigration_passport" time="12.613"/>
  <system-out>
    <![CDATA[successfully click on Immigration
successfully click on Add
Text entered successfully passed ==> VDPpuCsRrq
Text entered successfully passed ==> 2023-01-25
Text entered successfully passed ==> 2025-01-25
Text entered successfully passed ==> passed
successfully click on 
successfully click on India
Text entered successfully passed ==> 2023-01-30
Text entered successfully passed ==> Successfully passed test case 
successfully click on Save]]>
  </system-out>
  <testcase classname="OrangeHRM_Test_Run.OrangeHRm_001_Myinfo" name="MYI_03_Emergency_Contacts" time="19.576"/>
  <system-out>
    <![CDATA[successfully click on Emergency Contacts
successfully click on Add
Text entered successfully passed ==> sBTfrurqDVTl
Text entered successfully passed ==> opIIpGxqrkiN
Text entered successfully passed ==> 1472732566
Text entered successfully passed ==> 8374193930
Text entered successfully passed ==> 2504201610
successfully click on Save
successfully click on 
successfully click on 
successfully click on Yes, Delete]]>
  </system-out>
  <testcase classname="OrangeHRM_Test_Run.OrangeHRm_001_Myinfo" name="MYI_04_Dependents" time="17.916"/>
  <system-out>
    <![CDATA[successfully click on Dependents
successfully click on Add
Text entered successfully passed ==> dNCwsRrJMp
successfully click on 
successfully click on Other
Text entered successfully passed ==> FEYHFs
Text entered successfully passed ==> 2023-01-25
successfully click on Save
successfully click on 
successfully click on 
successfully click on Yes, Delete]]>
  </system-out>
  <testcase classname="OrangeHRM_Test_Run.OrangeHRm_001_Myinfo" name="MYI_06_Immigration_vice" time="12.087"/>
  <system-out>
    <![CDATA[successfully click on Immigration
successfully click on Add
successfully click on Visa
Text entered successfully passed ==> fHupLAQKOC
Text entered successfully passed ==> 2023-01-25
Text entered successfully passed ==> 2025-01-25
Text entered successfully passed ==> passed
successfully click on 
successfully click on India
Text entered successfully passed ==> 2023-01-30
Text entered successfully passed ==> Successfully passed test case 
successfully click on Save]]>
  </system-out>
  <testcase classname="OrangeHRM_Test_Run.OrangeHRm_001_Myinfo" name="MYI_02_Contact_Details" time="14.975"/>
  <system-out>
    <![CDATA[successfully click on Contact Details
Text entered successfully passed ==> UruqlMmdrO
Text entered successfully passed ==> upfyymPKOc
Text entered successfully passed ==> XBDUHASSWq
Text entered successfully passed ==> HedLFtRwum
Text entered successfully passed ==> WBwBIPfXxh
successfully click on 
successfully click on India
Text entered successfully passed ==> 3688233452
Text entered successfully passed ==> 3801092221
Text entered successfully passed ==> 5044702413
Text entered successfully passed ==> vhWXMYFrrg@gamil.com
successfully click on Save]]>
  </system-out>
</testsuite> <!-- OrangeHRM_Test_Run.OrangeHRm_001_Myinfo -->
