<?xml version="1.0" encoding="UTF-8"?>
<!-- Generated by org.testng.reporters.JUnitReportReporter -->
<testsuite hostname="DESKTOP-E3FNQHB" failures="0" tests="1" name="OrangeHRM_Test_Run.OrangeHRm_001_loginpage_test" time="3.634" errors="0" timestamp="2023-01-17T17:19:18 IST" skipped="0">
  <testcase classname="OrangeHRM_Test_Run.OrangeHRm_001_loginpage_test" name="login_page_test" time="3.634"/>
  <system-out/>
</testsuite> <!-- OrangeHRM_Test_Run.OrangeHRm_001_loginpage_test -->
